[2019-04-16 23:32:45 EDT] Running Import Script for Job ID: kwc8avS
[2019-04-16 23:32:45 EDT] Validating requested import job...
[2019-04-16 23:32:45 EDT] Checking if import job has an active video...
[2019-04-16 23:32:45 EDT] Checking if import job has more queued videos...
[2019-04-16 23:32:45 EDT] Moving to next queued video (Index #0)...
[2019-04-16 23:32:45 EDT] Creating new system video record...
[2019-04-16 23:32:45 EDT] Video ID: 5
[2019-04-16 23:32:45 EDT] Copying imported video to transcoding temp directory...
[2019-04-16 23:32:45 EDT] Updating manifest with new active video information...
[2019-04-16 23:32:45 EDT] Calling transcoder...
[2019-04-16 23:33:07 EDT] Running Import Script for Job ID: kwc8avS
[2019-04-16 23:33:07 EDT] Validating requested import job...
[2019-04-16 23:33:07 EDT] Checking if import job has an active video...
[2019-04-16 23:33:07 EDT] Active video index: 0
[2019-04-16 23:33:07 EDT] Checking status of active video...
[2019-04-16 23:33:07 EDT] Updating current video with new status (completed) in manifest...
[2019-04-16 23:33:07 EDT] Checking if import job has more queued videos...
[2019-04-16 23:33:07 EDT] Moving to next queued video (Index #1)...
[2019-04-16 23:33:07 EDT] Creating new system video record...
[2019-04-16 23:33:07 EDT] Video ID: 6
[2019-04-16 23:33:07 EDT] Copying imported video to transcoding temp directory...
[2019-04-16 23:33:07 EDT] Updating manifest with new active video information...
[2019-04-16 23:33:07 EDT] Calling transcoder...
[2019-04-16 23:33:29 EDT] Running Import Script for Job ID: kwc8avS
[2019-04-16 23:33:29 EDT] Validating requested import job...
[2019-04-16 23:33:29 EDT] Checking if import job has an active video...
[2019-04-16 23:33:29 EDT] Active video index: 1
[2019-04-16 23:33:29 EDT] Checking status of active video...
[2019-04-16 23:33:29 EDT] Updating current video with new status (completed) in manifest...
[2019-04-16 23:33:29 EDT] Checking if import job has more queued videos...
[2019-04-16 23:33:29 EDT] Moving to next queued video (Index #2)...
[2019-04-16 23:33:29 EDT] Creating new system video record...
[2019-04-16 23:33:29 EDT] Video ID: 7
[2019-04-16 23:33:29 EDT] Copying imported video to transcoding temp directory...
[2019-04-16 23:33:29 EDT] Updating manifest with new active video information...
[2019-04-16 23:33:29 EDT] Calling transcoder...
[2019-04-16 23:33:52 EDT] Running Import Script for Job ID: kwc8avS
[2019-04-16 23:33:52 EDT] Validating requested import job...
[2019-04-16 23:33:52 EDT] Checking if import job has an active video...
[2019-04-16 23:33:52 EDT] Active video index: 2
[2019-04-16 23:33:52 EDT] Checking status of active video...
[2019-04-16 23:33:52 EDT] Updating current video with new status (completed) in manifest...
[2019-04-16 23:33:52 EDT] Checking if import job has more queued videos...
[2019-04-16 23:33:52 EDT] Moving to next queued video (Index #3)...
[2019-04-16 23:33:52 EDT] Creating new system video record...
[2019-04-16 23:33:52 EDT] Video ID: 8
[2019-04-16 23:33:52 EDT] Copying imported video to transcoding temp directory...
[2019-04-16 23:33:52 EDT] Updating manifest with new active video information...
[2019-04-16 23:33:52 EDT] Calling transcoder...
[2019-04-16 23:34:14 EDT] Running Import Script for Job ID: kwc8avS
[2019-04-16 23:34:14 EDT] Validating requested import job...
[2019-04-16 23:34:14 EDT] Checking if import job has an active video...
[2019-04-16 23:34:14 EDT] Active video index: 3
[2019-04-16 23:34:14 EDT] Checking status of active video...
[2019-04-16 23:34:14 EDT] Updating current video with new status (completed) in manifest...
[2019-04-16 23:34:14 EDT] Checking if import job has more queued videos...
[2019-04-16 23:34:14 EDT] Moving to next queued video (Index #4)...
[2019-04-16 23:34:14 EDT] Creating new system video record...
[2019-04-16 23:34:14 EDT] Video ID: 9
[2019-04-16 23:34:14 EDT] Copying imported video to transcoding temp directory...
[2019-04-16 23:34:14 EDT] Updating manifest with new active video information...
[2019-04-16 23:34:14 EDT] Calling transcoder...
[2019-04-16 23:34:36 EDT] Running Import Script for Job ID: kwc8avS
[2019-04-16 23:34:36 EDT] Validating requested import job...
[2019-04-16 23:34:36 EDT] Checking if import job has an active video...
[2019-04-16 23:34:36 EDT] Active video index: 4
[2019-04-16 23:34:36 EDT] Checking status of active video...
[2019-04-16 23:34:36 EDT] Updating current video with new status (completed) in manifest...
[2019-04-16 23:34:36 EDT] Checking if import job has more queued videos...
[2019-04-16 23:34:36 EDT] No queued import videos found...
[2019-04-16 23:34:36 EDT] Checking if any video imports failed...
[2019-04-16 23:34:36 EDT] Marking import job as complete...
sh: -t: command not found
[2019-04-16 23:34:36 EDT] Import Job kwc8avS Complete!
